2026-06-23 09:54:27 - INFO - Le système de log fonctionne parfaitement !
2026-06-23 09:58:16 - INFO - Le système de log fonctionne parfaitement !
2026-06-23 09:59:35 - INFO - Le système de log fonctionne parfaitement !
2026-06-23 10:01:41 - INFO - Le système de log fonctionne parfaitement !
2026-06-23 10:02:13 - INFO - Le système de log fonctionne parfaitement !
2026-06-23 10:04:22 - INFO - Étudiant ajouté : 354245L - Dosso Abdel
2026-06-23 10:08:24 - INFO - Le système de log fonctionne parfaitement !
2026-06-23 10:09:50 - INFO - Le système de log fonctionne parfaitement !
2026-06-30 12:46:49 - INFO - Le système de log fonctionne parfaitement !
2026-06-30 12:47:41 - INFO - Le système de log fonctionne parfaitement !
2026-06-30 12:47:58 - INFO - Le système de log fonctionne parfaitement !
2026-06-30 12:48:51 - INFO - Le système de log fonctionne parfaitement !
2026-06-30 12:49:29 - INFO - Le système de log fonctionne parfaitement !
2026-06-30 12:52:44 - INFO - Étudiant ajouté : 78075 - Fany masata mariam
2026-06-30 12:54:13 - INFO - Étudiant ID 34567 modifié.
2026-06-30 13:04:22 - INFO - Le système de log fonctionne parfaitement !
2026-06-30 13:06:57 - INFO - Le système de log fonctionne parfaitement !
2026-06-30 13:08:09 - INFO - Le système de log fonctionne parfaitement !
2026-06-30 13:12:42 - INFO - Le système de log fonctionne parfaitement !
2026-06-30 13:13:34 - INFO - Étudiant ajouté : 0594 - lah abdel
2026-06-30 13:16:15 - INFO - Le système de log fonctionne parfaitement !
2026-06-30 13:23:14 - INFO - Le système de log fonctionne parfaitement !
2026-06-30 14:04:24 - INFO - Le système de log fonctionne parfaitement !
2026-06-30 14:05:44 - INFO - Le système de log fonctionne parfaitement !
2026-06-30 14:11:09 - INFO - Le système de log fonctionne parfaitement !
2026-06-30 14:12:05 - INFO - Le système de log fonctionne parfaitement !
2026-06-30 14:13:08 - INFO - Le système de log fonctionne parfaitement !
2026-06-30 14:20:31 - INFO - Le système de log fonctionne parfaitement !
2026-06-30 14:21:39 - INFO - Étudiant ID 3 supprimé.
2026-06-30 14:29:59 - INFO - Le système de log fonctionne parfaitement !
2026-06-30 14:41:20 - INFO - Le système de log fonctionne parfaitement !
2026-06-30 14:44:52 - INFO - Le système de log fonctionne parfaitement !
2026-06-30 14:45:14 - INFO - Le système de log fonctionne parfaitement !
2026-07-01 08:37:59 - INFO - Le système de log fonctionne parfaitement !
2026-07-01 08:45:10 - INFO - Le système de log fonctionne parfaitement !
2026-07-01 08:51:51 - INFO - Le système de log fonctionne parfaitement !
2026-07-01 10:49:53 - INFO - Le système de log fonctionne parfaitement !
2026-07-01 10:51:04 - INFO - Le système de log fonctionne parfaitement !
2026-07-01 11:15:56 - INFO - Le système de log fonctionne parfaitement !
2026-07-01 11:26:01 - INFO - Le système de log fonctionne parfaitement !
2026-07-01 11:30:32 - INFO - Le système de log fonctionne parfaitement !
2026-07-01 11:40:12 - INFO - Le système de log fonctionne parfaitement !
2026-07-01 11:43:17 - INFO - Le système de log fonctionne parfaitement !
2026-07-01 14:33:54 - INFO - Le système de log fonctionne parfaitement !
2026-07-01 14:34:50 - INFO - Le système de log fonctionne parfaitement !
2026-07-01 14:36:00 - INFO - Étudiant ajouté : 45 - toto tata
2026-07-01 14:36:07 - INFO - Le système de log fonctionne parfaitement !
2026-07-01 14:39:50 - INFO - Le système de log fonctionne parfaitement !
2026-07-01 14:39:58 - INFO - Le système de log fonctionne parfaitement !
2026-07-01 14:49:03 - INFO - Le système de log fonctionne parfaitement !
2026-07-01 14:54:09 - INFO - Le système de log fonctionne parfaitement !
2026-07-01 14:55:17 - INFO - Étudiant ajouté : 90 - lolo mpm
2026-07-01 14:55:22 - INFO - Le système de log fonctionne parfaitement !
